Arguments: 
  /Users/xiaonahe/.nvm/versions/node/v12.22.7/bin/node /opt/homebrew/Cellar/yarn/1.22.17/libexec/bin/yarn.js install

PATH: 
  /Users/xiaonahe/.nvm/versions/node/v12.22.7/bin:/opt/homebrew/bin:/usr/local/sbin:/usr/local/bin:/sbin:/bin:/usr/sbin:/usr/bin:/root/bin:/opt/homebrew/opt/lsof/bin:/Users/xiaonahe/Library/Python/2.7/bin:/Users/xiaonahe/.nvm:

Yarn version: 
  1.22.17

Node version: 
  12.22.7

Platform: 
  darwin x64

Trace: 
  Error: https://github.com/web3-js/WebSocket-Node: ESOCKETTIMEDOUT
      at ClientRequest.<anonymous> (/opt/homebrew/Cellar/yarn/1.22.17/libexec/lib/cli.js:141510:19)
      at Object.onceWrapper (events.js:420:28)
      at ClientRequest.emit (events.js:314:20)
      at TLSSocket.emitRequestTimeout (_http_client.js:715:9)
      at Object.onceWrapper (events.js:420:28)
      at TLSSocket.emit (events.js:314:20)
      at TLSSocket.Socket._onTimeout (net.js:483:8)
      at listOnTimeout (internal/timers.js:554:17)
      at processTimers (internal/timers.js:497:7)

npm manifest: 
  {
    "name": "@pancakeswap-libs/pancake-swap-core",
    "description": "🎛 Core contracts for the pancake protocol",
    "version": "0.1.0",
    "homepage": "https://pancakeswap.finance",
    "repository": {
      "type": "git",
      "url": "https://github.com/pancakeswap/pancake-swap-core.git"
    },
    "publishConfig": {
      "registry": "http://registry.npmjs.org"
    },
    "files": [
      "contracts",
      "build"
    ],
    "engines": {
      "node": ">=10"
    },
    "devDependencies": {
      "@types/chai": "^4.2.6",
      "@types/mocha": "^5.2.7",
      "chai": "^4.2.0",
      "ethereum-waffle": "^2.4.1",
      "ethereumjs-util": "^6.2.0",
      "mocha": "^6.2.2",
      "prettier": "^1.19.1",
      "rimraf": "^3.0.0",
      "solc": "0.5.16",
      "truffle-plugin-verify": "^0.4.0",
      "ts-node": "^8.5.4",
      "typescript": "^3.7.3"
    },
    "scripts": {
      "lint": "yarn prettier ./test/*.ts --check",
      "lint:fix": "yarn prettier ./test/*.ts --write",
      "clean": "rimraf ./build/",
      "precompile": "yarn clean",
      "compile": "waffle .waffle.json",
      "pretest": "yarn compile",
      "test": "mocha"
    },
    "license": "GPL-3.0-or-later",
    "dependencies": {
      "truffle-hdwallet-provider": "^1.0.17",
      "truffle": "^5.1.41",
      "truffle-flattener": "^1.4.4"
    }
  }

yarn manifest: 
  No manifest

Lockfile: 
  No lockfile
